The system is: Linux - 3.11.0-26-generic - x86_64
Compiling the C compiler identification source file "CMakeCCompilerId.c" succeeded.
Compiler: /usr/bin/cc 
Build flags: 
Id flags: 

The output was:
0


Compilation of the C compiler identification source "CMakeCCompilerId.c" produced "a.out"

The C compiler identification is GNU, found in "/home/thomio/codes/pcl/16_iterative_closest_point/build/CMakeFiles/2.8.11.2/CompilerIdC/a.out"

Compiling the CXX compiler identification source file "CMakeCXXCompilerId.cpp" succeeded.
Compiler: /usr/bin/c++ 
Build flags: 
Id flags: 

The output was:
0


Compilation of the CXX compiler identification source "CMakeCXXCompilerId.cpp" produced "a.out"

The CXX compiler identification is GNU, found in "/home/thomio/codes/pcl/16_iterative_closest_point/build/CMakeFiles/2.8.11.2/CompilerIdCXX/a.out"

Determining if the C compiler works passed with the following output:
Change Dir: /home/thomio/codes/pcl/16_iterative_closest_point/build/CMakeFiles/CMakeTmp

Run Build Command:/usr/bin/make "cmTryCompileExec4230400163/fast"
/usr/bin/make -f CMakeFiles/cmTryCompileExec4230400163.dir/build.make CMakeFiles/cmTryCompileExec4230400163.dir/build
make[1]: Entering directory `/home/thomio/codes/pcl/16_iterative_closest_point/build/CMakeFiles/CMakeTmp'
/usr/bin/cmake -E cmake_progress_report /home/thomio/codes/pcl/16_iterative_closest_point/build/CMakeFiles/CMakeTmp/CMakeFiles 1
Building C object CMakeFiles/cmTryCompileExec4230400163.dir/testCCompiler.c.o
/usr/bin/cc    -o CMakeFiles/cmTryCompileExec4230400163.dir/testCCompiler.c.o   -c /home/thomio/codes/pcl/16_iterative_closest_point/build/CMakeFiles/CMakeTmp/testCCompiler.c
Linking C executable cmTryCompileExec4230400163
/usr/bin/cmake -E cmake_link_script CMakeFiles/cmTryCompileExec4230400163.dir/link.txt --verbose=1
/usr/bin/cc         CMakeFiles/cmTryCompileExec4230400163.dir/testCCompiler.c.o  -o cmTryCompileExec4230400163 -rdynamic 
make[1]: Leaving directory `/home/thomio/codes/pcl/16_iterative_closest_point/build/CMakeFiles/CMakeTmp'


Detecting C compiler ABI info compiled with the following output:
Change Dir: /home/thomio/codes/pcl/16_iterative_closest_point/build/CMakeFiles/CMakeTmp

Run Build Command:/usr/bin/make "cmTryCompileExec3936379845/fast"
/usr/bin/make -f CMakeFiles/cmTryCompileExec3936379845.dir/build.make CMakeFiles/cmTryCompileExec3936379845.dir/build
make[1]: Entering directory `/home/thomio/codes/pcl/16_iterative_closest_point/build/CMakeFiles/CMakeTmp'
/usr/bin/cmake -E cmake_progress_report /home/thomio/codes/pcl/16_iterative_closest_point/build/CMakeFiles/CMakeTmp/CMakeFiles 1
Building C object CMakeFiles/cmTryCompileExec3936379845.dir/CMakeCCompilerABI.c.o
/usr/bin/cc    -o CMakeFiles/cmTryCompileExec3936379845.dir/CMakeCCompilerABI.c.o   -c /usr/share/cmake-2.8/Modules/CMakeCCompilerABI.c
Linking C executable cmTryCompileExec3936379845
/usr/bin/cmake -E cmake_link_script CMakeFiles/cmTryCompileExec3936379845.dir/link.txt --verbose=1
/usr/bin/cc       -v CMakeFiles/cmTryCompileExec3936379845.dir/CMakeCCompilerABI.c.o  -o cmTryCompileExec3936379845 -rdynamic  
Using built-in specs.
COLLECT_GCC=/usr/bin/cc
COLLECT_LTO_WRAPPER=/usr/lib/gcc/x86_64-linux-gnu/4.6/lto-wrapper
Target: x86_64-linux-gnu
Configured with: ../src/configure -v --with-pkgversion='Ubuntu/Linaro 4.6.4-3ubuntu1' --with-bugurl=file:///usr/share/doc/gcc-4.6/README.Bugs --enable-languages=c,c++,fortran,objc,obj-c++ --prefix=/usr --program-suffix=-4.6 --enable-shared --enable-linker-build-id --with-system-zlib --libexecdir=/usr/lib --without-included-gettext --enable-threads=posix --with-gxx-include-dir=/usr/include/c++/4.6 --libdir=/usr/lib --enable-nls --with-sysroot=/ --enable-clocale=gnu --enable-libstdcxx-debug --enable-gnu-unique-object --enable-plugin --enable-objc-gc --disable-werror --with-arch-32=i686 --with-tune=generic --enable-checking=release --build=x86_64-linux-gnu --host=x86_64-linux-gnu --target=x86_64-linux-gnu
Thread model: posix
gcc version 4.6.4 (Ubuntu/Linaro 4.6.4-3ubuntu1) 
COMPILER_PATH=/usr/lib/gcc/x86_64-linux-gnu/4.6/:/usr/lib/gcc/x86_64-linux-gnu/4.6/:/usr/lib/gcc/x86_64-linux-gnu/:/usr/lib/gcc/x86_64-linux-gnu/4.6/:/usr/lib/gcc/x86_64-linux-gnu/
LIBRARY_PATH=/usr/lib/gcc/x86_64-linux-gnu/4.6/:/usr/lib/gcc/x86_64-linux-gnu/4.6/../../../x86_64-linux-gnu/:/usr/lib/gcc/x86_64-linux-gnu/4.6/../../../../lib/:/lib/x86_64-linux-gnu/:/lib/../lib/:/usr/lib/x86_64-linux-gnu/:/usr/lib/../lib/:/usr/lib/gcc/x86_64-linux-gnu/4.6/../../../:/lib/:/usr/lib/
COLLECT_GCC_OPTIONS='-v' '-o' 'cmTryCompileExec3936379845' '-rdynamic' '-mtune=generic' '-march=x86-64'
 /usr/lib/gcc/x86_64-linux-gnu/4.6/collect2 --sysroot=/ --build-id --no-add-needed --as-needed --eh-frame-hdr -m elf_x86_64 --hash-style=gnu -export-dynamic -dynamic-linker /lib64/ld-linux-x86-64.so.2 -z relro -o cmTryCompileExec3936379845 /usr/lib/gcc/x86_64-linux-gnu/4.6/../../../x86_64-linux-gnu/crt1.o /usr/lib/gcc/x86_64-linux-gnu/4.6/../../../x86_64-linux-gnu/crti.o /usr/lib/gcc/x86_64-linux-gnu/4.6/crtbegin.o -L/usr/lib/gcc/x86_64-linux-gnu/4.6 -L/usr/lib/gcc/x86_64-linux-gnu/4.6/../../../x86_64-linux-gnu -L/usr/lib/gcc/x86_64-linux-gnu/4.6/../../../../lib -L/lib/x86_64-linux-gnu -L/lib/../lib -L/usr/lib/x86_64-linux-gnu -L/usr/lib/../lib -L/usr/lib/gcc/x86_64-linux-gnu/4.6/../../.. CMakeFiles/cmTryCompileExec3936379845.dir/CMakeCCompilerABI.c.o -lgcc --as-needed -lgcc_s --no-as-needed -lc -lgcc --as-needed -lgcc_s --no-as-needed /usr/lib/gcc/x86_64-linux-gnu/4.6/crtend.o /usr/lib/gcc/x86_64-linux-gnu/4.6/../../../x86_64-linux-gnu/crtn.o
make[1]: Leaving directory `/home/thomio/codes/pcl/16_iterative_closest_point/build/CMakeFiles/CMakeTmp'


Parsed C implicit link information from above output:
  link line regex: [^( *|.*[/\])(ld|ld|collect2)[^/\]*( |$)]
  ignore line: [Change Dir: /home/thomio/codes/pcl/16_iterative_closest_point/build/CMakeFiles/CMakeTmp]
  ignore line: []
  ignore line: [Run Build Command:/usr/bin/make "cmTryCompileExec3936379845/fast"]
  ignore line: [/usr/bin/make -f CMakeFiles/cmTryCompileExec3936379845.dir/build.make CMakeFiles/cmTryCompileExec3936379845.dir/build]
  ignore line: [make[1]: Entering directory `/home/thomio/codes/pcl/16_iterative_closest_point/build/CMakeFiles/CMakeTmp']
  ignore line: [/usr/bin/cmake -E cmake_progress_report /home/thomio/codes/pcl/16_iterative_closest_point/build/CMakeFiles/CMakeTmp/CMakeFiles 1]
  ignore line: [Building C object CMakeFiles/cmTryCompileExec3936379845.dir/CMakeCCompilerABI.c.o]
  ignore line: [/usr/bin/cc    -o CMakeFiles/cmTryCompileExec3936379845.dir/CMakeCCompilerABI.c.o   -c /usr/share/cmake-2.8/Modules/CMakeCCompilerABI.c]
  ignore line: [Linking C executable cmTryCompileExec3936379845]
  ignore line: [/usr/bin/cmake -E cmake_link_script CMakeFiles/cmTryCompileExec3936379845.dir/link.txt --verbose=1]
  ignore line: [/usr/bin/cc       -v CMakeFiles/cmTryCompileExec3936379845.dir/CMakeCCompilerABI.c.o  -o cmTryCompileExec3936379845 -rdynamic  ]
  ignore line: [Using built-in specs.]
  ignore line: [COLLECT_GCC=/usr/bin/cc]
  ignore line: [COLLECT_LTO_WRAPPER=/usr/lib/gcc/x86_64-linux-gnu/4.6/lto-wrapper]
  ignore line: [Target: x86_64-linux-gnu]
  ignore line: [Configured with: ../src/configure -v --with-pkgversion='Ubuntu/Linaro 4.6.4-3ubuntu1' --with-bugurl=file:///usr/share/doc/gcc-4.6/README.Bugs --enable-languages=c,c++,fortran,objc,obj-c++ --prefix=/usr --program-suffix=-4.6 --enable-shared --enable-linker-build-id --with-system-zlib --libexecdir=/usr/lib --without-included-gettext --enable-threads=posix --with-gxx-include-dir=/usr/include/c++/4.6 --libdir=/usr/lib --enable-nls --with-sysroot=/ --enable-clocale=gnu --enable-libstdcxx-debug --enable-gnu-unique-object --enable-plugin --enable-objc-gc --disable-werror --with-arch-32=i686 --with-tune=generic --enable-checking=release --build=x86_64-linux-gnu --host=x86_64-linux-gnu --target=x86_64-linux-gnu]
  ignore line: [Thread model: posix]
  ignore line: [gcc version 4.6.4 (Ubuntu/Linaro 4.6.4-3ubuntu1) ]
  ignore line: [COMPILER_PATH=/usr/lib/gcc/x86_64-linux-gnu/4.6/:/usr/lib/gcc/x86_64-linux-gnu/4.6/:/usr/lib/gcc/x86_64-linux-gnu/:/usr/lib/gcc/x86_64-linux-gnu/4.6/:/usr/lib/gcc/x86_64-linux-gnu/]
  ignore line: [LIBRARY_PATH=/usr/lib/gcc/x86_64-linux-gnu/4.6/:/usr/lib/gcc/x86_64-linux-gnu/4.6/../../../x86_64-linux-gnu/:/usr/lib/gcc/x86_64-linux-gnu/4.6/../../../../lib/:/lib/x86_64-linux-gnu/:/lib/../lib/:/usr/lib/x86_64-linux-gnu/:/usr/lib/../lib/:/usr/lib/gcc/x86_64-linux-gnu/4.6/../../../:/lib/:/usr/lib/]
  ignore line: [COLLECT_GCC_OPTIONS='-v' '-o' 'cmTryCompileExec3936379845' '-rdynamic' '-mtune=generic' '-march=x86-64']
  link line: [ /usr/lib/gcc/x86_64-linux-gnu/4.6/collect2 --sysroot=/ --build-id --no-add-needed --as-needed --eh-frame-hdr -m elf_x86_64 --hash-style=gnu -export-dynamic -dynamic-linker /lib64/ld-linux-x86-64.so.2 -z relro -o cmTryCompileExec3936379845 /usr/lib/gcc/x86_64-linux-gnu/4.6/../../../x86_64-linux-gnu/crt1.o /usr/lib/gcc/x86_64-linux-gnu/4.6/../../../x86_64-linux-gnu/crti.o /usr/lib/gcc/x86_64-linux-gnu/4.6/crtbegin.o -L/usr/lib/gcc/x86_64-linux-gnu/4.6 -L/usr/lib/gcc/x86_64-linux-gnu/4.6/../../../x86_64-linux-gnu -L/usr/lib/gcc/x86_64-linux-gnu/4.6/../../../../lib -L/lib/x86_64-linux-gnu -L/lib/../lib -L/usr/lib/x86_64-linux-gnu -L/usr/lib/../lib -L/usr/lib/gcc/x86_64-linux-gnu/4.6/../../.. CMakeFiles/cmTryCompileExec3936379845.dir/CMakeCCompilerABI.c.o -lgcc --as-needed -lgcc_s --no-as-needed -lc -lgcc --as-needed -lgcc_s --no-as-needed /usr/lib/gcc/x86_64-linux-gnu/4.6/crtend.o /usr/lib/gcc/x86_64-linux-gnu/4.6/../../../x86_64-linux-gnu/crtn.o]
    arg [/usr/lib/gcc/x86_64-linux-gnu/4.6/collect2] ==> ignore
    arg [--sysroot=/] ==> ignore
    arg [--build-id] ==> ignore
    arg [--no-add-needed] ==> ignore
    arg [--as-needed] ==> ignore
    arg [--eh-frame-hdr] ==> ignore
    arg [-m] ==> ignore
    arg [elf_x86_64] ==> ignore
    arg [--hash-style=gnu] ==> ignore
    arg [-export-dynamic] ==> ignore
    arg [-dynamic-linker] ==> ignore
    arg [/lib64/ld-linux-x86-64.so.2] ==> ignore
    arg [-zrelro] ==> ignore
    arg [-o] ==> ignore
    arg [cmTryCompileExec3936379845] ==> ignore
    arg [/usr/lib/gcc/x86_64-linux-gnu/4.6/../../../x86_64-linux-gnu/crt1.o] ==> ignore
    arg [/usr/lib/gcc/x86_64-linux-gnu/4.6/../../../x86_64-linux-gnu/crti.o] ==> ignore
    arg [/usr/lib/gcc/x86_64-linux-gnu/4.6/crtbegin.o] ==> ignore
    arg [-L/usr/lib/gcc/x86_64-linux-gnu/4.6] ==> dir [/usr/lib/gcc/x86_64-linux-gnu/4.6]
    arg [-L/usr/lib/gcc/x86_64-linux-gnu/4.6/../../../x86_64-linux-gnu] ==> dir [/usr/lib/gcc/x86_64-linux-gnu/4.6/../../../x86_64-linux-gnu]
    arg [-L/usr/lib/gcc/x86_64-linux-gnu/4.6/../../../../lib] ==> dir [/usr/lib/gcc/x86_64-linux-gnu/4.6/../../../../lib]
    arg [-L/lib/x86_64-linux-gnu] ==> dir [/lib/x86_64-linux-gnu]
    arg [-L/lib/../lib] ==> dir [/lib/../lib]
    arg [-L/usr/lib/x86_64-linux-gnu] ==> dir [/usr/lib/x86_64-linux-gnu]
    arg [-L/usr/lib/../lib] ==> dir [/usr/lib/../lib]
    arg [-L/usr/lib/gcc/x86_64-linux-gnu/4.6/../../..] ==> dir [/usr/lib/gcc/x86_64-linux-gnu/4.6/../../..]
    arg [CMakeFiles/cmTryCompileExec3936379845.dir/CMakeCCompilerABI.c.o] ==> ignore
    arg [-lgcc] ==> lib [gcc]
    arg [--as-needed] ==> ignore
    arg [-lgcc_s] ==> lib [gcc_s]
    arg [--no-as-needed] ==> ignore
    arg [-lc] ==> lib [c]
    arg [-lgcc] ==> lib [gcc]
    arg [--as-needed] ==> ignore
    arg [-lgcc_s] ==> lib [gcc_s]
    arg [--no-as-needed] ==> ignore
    arg [/usr/lib/gcc/x86_64-linux-gnu/4.6/crtend.o] ==> ignore
    arg [/usr/lib/gcc/x86_64-linux-gnu/4.6/../../../x86_64-linux-gnu/crtn.o] ==> ignore
  remove lib [gcc]
  remove lib [gcc_s]
  remove lib [gcc]
  remove lib [gcc_s]
  collapse library dir [/usr/lib/gcc/x86_64-linux-gnu/4.6] ==> [/usr/lib/gcc/x86_64-linux-gnu/4.6]
  collapse library dir [/usr/lib/gcc/x86_64-linux-gnu/4.6/../../../x86_64-linux-gnu] ==> [/usr/lib/x86_64-linux-gnu]
  collapse library dir [/usr/lib/gcc/x86_64-linux-gnu/4.6/../../../../lib] ==> [/usr/lib]
  collapse library dir [/lib/x86_64-linux-gnu] ==> [/lib/x86_64-linux-gnu]
  collapse library dir [/lib/../lib] ==> [/lib]
  collapse library dir [/usr/lib/x86_64-linux-gnu] ==> [/usr/lib/x86_64-linux-gnu]
  collapse library dir [/usr/lib/../lib] ==> [/usr/lib]
  collapse library dir [/usr/lib/gcc/x86_64-linux-gnu/4.6/../../..] ==> [/usr/lib]
  implicit libs: [c]
  implicit dirs: [/usr/lib/gcc/x86_64-linux-gnu/4.6;/usr/lib/x86_64-linux-gnu;/usr/lib;/lib/x86_64-linux-gnu;/lib]
  implicit fwks: []


Determining if the CXX compiler works passed with the following output:
Change Dir: /home/thomio/codes/pcl/16_iterative_closest_point/build/CMakeFiles/CMakeTmp

Run Build Command:/usr/bin/make "cmTryCompileExec1702628820/fast"
/usr/bin/make -f CMakeFiles/cmTryCompileExec1702628820.dir/build.make CMakeFiles/cmTryCompileExec1702628820.dir/build
make[1]: Entering directory `/home/thomio/codes/pcl/16_iterative_closest_point/build/CMakeFiles/CMakeTmp'
/usr/bin/cmake -E cmake_progress_report /home/thomio/codes/pcl/16_iterative_closest_point/build/CMakeFiles/CMakeTmp/CMakeFiles 1
Building CXX object CMakeFiles/cmTryCompileExec1702628820.dir/testCXXCompiler.cxx.o
/usr/bin/c++     -o CMakeFiles/cmTryCompileExec1702628820.dir/testCXXCompiler.cxx.o -c /home/thomio/codes/pcl/16_iterative_closest_point/build/CMakeFiles/CMakeTmp/testCXXCompiler.cxx
Linking CXX executable cmTryCompileExec1702628820
/usr/bin/cmake -E cmake_link_script CMakeFiles/cmTryCompileExec1702628820.dir/link.txt --verbose=1
/usr/bin/c++          CMakeFiles/cmTryCompileExec1702628820.dir/testCXXCompiler.cxx.o  -o cmTryCompileExec1702628820 -rdynamic 
make[1]: Leaving directory `/home/thomio/codes/pcl/16_iterative_closest_point/build/CMakeFiles/CMakeTmp'


Detecting CXX compiler ABI info compiled with the following output:
Change Dir: /home/thomio/codes/pcl/16_iterative_closest_point/build/CMakeFiles/CMakeTmp

Run Build Command:/usr/bin/make "cmTryCompileExec2693668073/fast"
/usr/bin/make -f CMakeFiles/cmTryCompileExec2693668073.dir/build.make CMakeFiles/cmTryCompileExec2693668073.dir/build
make[1]: Entering directory `/home/thomio/codes/pcl/16_iterative_closest_point/build/CMakeFiles/CMakeTmp'
/usr/bin/cmake -E cmake_progress_report /home/thomio/codes/pcl/16_iterative_closest_point/build/CMakeFiles/CMakeTmp/CMakeFiles 1
Building CXX object CMakeFiles/cmTryCompileExec2693668073.dir/CMakeCXXCompilerABI.cpp.o
/usr/bin/c++     -o CMakeFiles/cmTryCompileExec2693668073.dir/CMakeCXXCompilerABI.cpp.o -c /usr/share/cmake-2.8/Modules/CMakeCXXCompilerABI.cpp
Linking CXX executable cmTryCompileExec2693668073
/usr/bin/cmake -E cmake_link_script CMakeFiles/cmTryCompileExec2693668073.dir/link.txt --verbose=1
/usr/bin/c++        -v CMakeFiles/cmTryCompileExec2693668073.dir/CMakeCXXCompilerABI.cpp.o  -o cmTryCompileExec2693668073 -rdynamic  
Using built-in specs.
COLLECT_GCC=/usr/bin/c++
COLLECT_LTO_WRAPPER=/usr/lib/gcc/x86_64-linux-gnu/4.6/lto-wrapper
Target: x86_64-linux-gnu
Configured with: ../src/configure -v --with-pkgversion='Ubuntu/Linaro 4.6.4-3ubuntu1' --with-bugurl=file:///usr/share/doc/gcc-4.6/README.Bugs --enable-languages=c,c++,fortran,objc,obj-c++ --prefix=/usr --program-suffix=-4.6 --enable-shared --enable-linker-build-id --with-system-zlib --libexecdir=/usr/lib --without-included-gettext --enable-threads=posix --with-gxx-include-dir=/usr/include/c++/4.6 --libdir=/usr/lib --enable-nls --with-sysroot=/ --enable-clocale=gnu --enable-libstdcxx-debug --enable-gnu-unique-object --enable-plugin --enable-objc-gc --disable-werror --with-arch-32=i686 --with-tune=generic --enable-checking=release --build=x86_64-linux-gnu --host=x86_64-linux-gnu --target=x86_64-linux-gnu
Thread model: posix
gcc version 4.6.4 (Ubuntu/Linaro 4.6.4-3ubuntu1) 
COMPILER_PATH=/usr/lib/gcc/x86_64-linux-gnu/4.6/:/usr/lib/gcc/x86_64-linux-gnu/4.6/:/usr/lib/gcc/x86_64-linux-gnu/:/usr/lib/gcc/x86_64-linux-gnu/4.6/:/usr/lib/gcc/x86_64-linux-gnu/
LIBRARY_PATH=/usr/lib/gcc/x86_64-linux-gnu/4.6/:/usr/lib/gcc/x86_64-linux-gnu/4.6/../../../x86_64-linux-gnu/:/usr/lib/gcc/x86_64-linux-gnu/4.6/../../../../lib/:/lib/x86_64-linux-gnu/:/lib/../lib/:/usr/lib/x86_64-linux-gnu/:/usr/lib/../lib/:/usr/lib/gcc/x86_64-linux-gnu/4.6/../../../:/lib/:/usr/lib/
COLLECT_GCC_OPTIONS='-v' '-o' 'cmTryCompileExec2693668073' '-rdynamic' '-shared-libgcc' '-mtune=generic' '-march=x86-64'
 /usr/lib/gcc/x86_64-linux-gnu/4.6/collect2 --sysroot=/ --build-id --no-add-needed --as-needed --eh-frame-hdr -m elf_x86_64 --hash-style=gnu -export-dynamic -dynamic-linker /lib64/ld-linux-x86-64.so.2 -z relro -o cmTryCompileExec2693668073 /usr/lib/gcc/x86_64-linux-gnu/4.6/../../../x86_64-linux-gnu/crt1.o /usr/lib/gcc/x86_64-linux-gnu/4.6/../../../x86_64-linux-gnu/crti.o /usr/lib/gcc/x86_64-linux-gnu/4.6/crtbegin.o -L/usr/lib/gcc/x86_64-linux-gnu/4.6 -L/usr/lib/gcc/x86_64-linux-gnu/4.6/../../../x86_64-linux-gnu -L/usr/lib/gcc/x86_64-linux-gnu/4.6/../../../../lib -L/lib/x86_64-linux-gnu -L/lib/../lib -L/usr/lib/x86_64-linux-gnu -L/usr/lib/../lib -L/usr/lib/gcc/x86_64-linux-gnu/4.6/../../.. CMakeFiles/cmTryCompileExec2693668073.dir/CMakeCXXCompilerABI.cpp.o -lstdc++ -lm -lgcc_s -lgcc -lc -lgcc_s -lgcc /usr/lib/gcc/x86_64-linux-gnu/4.6/crtend.o /usr/lib/gcc/x86_64-linux-gnu/4.6/../../../x86_64-linux-gnu/crtn.o
make[1]: Leaving directory `/home/thomio/codes/pcl/16_iterative_closest_point/build/CMakeFiles/CMakeTmp'


Parsed CXX implicit link information from above output:
  link line regex: [^( *|.*[/\])(ld|ld|collect2)[^/\]*( |$)]
  ignore line: [Change Dir: /home/thomio/codes/pcl/16_iterative_closest_point/build/CMakeFiles/CMakeTmp]
  ignore line: []
  ignore line: [Run Build Command:/usr/bin/make "cmTryCompileExec2693668073/fast"]
  ignore line: [/usr/bin/make -f CMakeFiles/cmTryCompileExec2693668073.dir/build.make CMakeFiles/cmTryCompileExec2693668073.dir/build]
  ignore line: [make[1]: Entering directory `/home/thomio/codes/pcl/16_iterative_closest_point/build/CMakeFiles/CMakeTmp']
  ignore line: [/usr/bin/cmake -E cmake_progress_report /home/thomio/codes/pcl/16_iterative_closest_point/build/CMakeFiles/CMakeTmp/CMakeFiles 1]
  ignore line: [Building CXX object CMakeFiles/cmTryCompileExec2693668073.dir/CMakeCXXCompilerABI.cpp.o]
  ignore line: [/usr/bin/c++     -o CMakeFiles/cmTryCompileExec2693668073.dir/CMakeCXXCompilerABI.cpp.o -c /usr/share/cmake-2.8/Modules/CMakeCXXCompilerABI.cpp]
  ignore line: [Linking CXX executable cmTryCompileExec2693668073]
  ignore line: [/usr/bin/cmake -E cmake_link_script CMakeFiles/cmTryCompileExec2693668073.dir/link.txt --verbose=1]
  ignore line: [/usr/bin/c++        -v CMakeFiles/cmTryCompileExec2693668073.dir/CMakeCXXCompilerABI.cpp.o  -o cmTryCompileExec2693668073 -rdynamic  ]
  ignore line: [Using built-in specs.]
  ignore line: [COLLECT_GCC=/usr/bin/c++]
  ignore line: [COLLECT_LTO_WRAPPER=/usr/lib/gcc/x86_64-linux-gnu/4.6/lto-wrapper]
  ignore line: [Target: x86_64-linux-gnu]
  ignore line: [Configured with: ../src/configure -v --with-pkgversion='Ubuntu/Linaro 4.6.4-3ubuntu1' --with-bugurl=file:///usr/share/doc/gcc-4.6/README.Bugs --enable-languages=c,c++,fortran,objc,obj-c++ --prefix=/usr --program-suffix=-4.6 --enable-shared --enable-linker-build-id --with-system-zlib --libexecdir=/usr/lib --without-included-gettext --enable-threads=posix --with-gxx-include-dir=/usr/include/c++/4.6 --libdir=/usr/lib --enable-nls --with-sysroot=/ --enable-clocale=gnu --enable-libstdcxx-debug --enable-gnu-unique-object --enable-plugin --enable-objc-gc --disable-werror --with-arch-32=i686 --with-tune=generic --enable-checking=release --build=x86_64-linux-gnu --host=x86_64-linux-gnu --target=x86_64-linux-gnu]
  ignore line: [Thread model: posix]
  ignore line: [gcc version 4.6.4 (Ubuntu/Linaro 4.6.4-3ubuntu1) ]
  ignore line: [COMPILER_PATH=/usr/lib/gcc/x86_64-linux-gnu/4.6/:/usr/lib/gcc/x86_64-linux-gnu/4.6/:/usr/lib/gcc/x86_64-linux-gnu/:/usr/lib/gcc/x86_64-linux-gnu/4.6/:/usr/lib/gcc/x86_64-linux-gnu/]
  ignore line: [LIBRARY_PATH=/usr/lib/gcc/x86_64-linux-gnu/4.6/:/usr/lib/gcc/x86_64-linux-gnu/4.6/../../../x86_64-linux-gnu/:/usr/lib/gcc/x86_64-linux-gnu/4.6/../../../../lib/:/lib/x86_64-linux-gnu/:/lib/../lib/:/usr/lib/x86_64-linux-gnu/:/usr/lib/../lib/:/usr/lib/gcc/x86_64-linux-gnu/4.6/../../../:/lib/:/usr/lib/]
  ignore line: [COLLECT_GCC_OPTIONS='-v' '-o' 'cmTryCompileExec2693668073' '-rdynamic' '-shared-libgcc' '-mtune=generic' '-march=x86-64']
  link line: [ /usr/lib/gcc/x86_64-linux-gnu/4.6/collect2 --sysroot=/ --build-id --no-add-needed --as-needed --eh-frame-hdr -m elf_x86_64 --hash-style=gnu -export-dynamic -dynamic-linker /lib64/ld-linux-x86-64.so.2 -z relro -o cmTryCompileExec2693668073 /usr/lib/gcc/x86_64-linux-gnu/4.6/../../../x86_64-linux-gnu/crt1.o /usr/lib/gcc/x86_64-linux-gnu/4.6/../../../x86_64-linux-gnu/crti.o /usr/lib/gcc/x86_64-linux-gnu/4.6/crtbegin.o -L/usr/lib/gcc/x86_64-linux-gnu/4.6 -L/usr/lib/gcc/x86_64-linux-gnu/4.6/../../../x86_64-linux-gnu -L/usr/lib/gcc/x86_64-linux-gnu/4.6/../../../../lib -L/lib/x86_64-linux-gnu -L/lib/../lib -L/usr/lib/x86_64-linux-gnu -L/usr/lib/../lib -L/usr/lib/gcc/x86_64-linux-gnu/4.6/../../.. CMakeFiles/cmTryCompileExec2693668073.dir/CMakeCXXCompilerABI.cpp.o -lstdc++ -lm -lgcc_s -lgcc -lc -lgcc_s -lgcc /usr/lib/gcc/x86_64-linux-gnu/4.6/crtend.o /usr/lib/gcc/x86_64-linux-gnu/4.6/../../../x86_64-linux-gnu/crtn.o]
    arg [/usr/lib/gcc/x86_64-linux-gnu/4.6/collect2] ==> ignore
    arg [--sysroot=/] ==> ignore
    arg [--build-id] ==> ignore
    arg [--no-add-needed] ==> ignore
    arg [--as-needed] ==> ignore
    arg [--eh-frame-hdr] ==> ignore
    arg [-m] ==> ignore
    arg [elf_x86_64] ==> ignore
    arg [--hash-style=gnu] ==> ignore
    arg [-export-dynamic] ==> ignore
    arg [-dynamic-linker] ==> ignore
    arg [/lib64/ld-linux-x86-64.so.2] ==> ignore
    arg [-zrelro] ==> ignore
    arg [-o] ==> ignore
    arg [cmTryCompileExec2693668073] ==> ignore
    arg [/usr/lib/gcc/x86_64-linux-gnu/4.6/../../../x86_64-linux-gnu/crt1.o] ==> ignore
    arg [/usr/lib/gcc/x86_64-linux-gnu/4.6/../../../x86_64-linux-gnu/crti.o] ==> ignore
    arg [/usr/lib/gcc/x86_64-linux-gnu/4.6/crtbegin.o] ==> ignore
    arg [-L/usr/lib/gcc/x86_64-linux-gnu/4.6] ==> dir [/usr/lib/gcc/x86_64-linux-gnu/4.6]
    arg [-L/usr/lib/gcc/x86_64-linux-gnu/4.6/../../../x86_64-linux-gnu] ==> dir [/usr/lib/gcc/x86_64-linux-gnu/4.6/../../../x86_64-linux-gnu]
    arg [-L/usr/lib/gcc/x86_64-linux-gnu/4.6/../../../../lib] ==> dir [/usr/lib/gcc/x86_64-linux-gnu/4.6/../../../../lib]
    arg [-L/lib/x86_64-linux-gnu] ==> dir [/lib/x86_64-linux-gnu]
    arg [-L/lib/../lib] ==> dir [/lib/../lib]
    arg [-L/usr/lib/x86_64-linux-gnu] ==> dir [/usr/lib/x86_64-linux-gnu]
    arg [-L/usr/lib/../lib] ==> dir [/usr/lib/../lib]
    arg [-L/usr/lib/gcc/x86_64-linux-gnu/4.6/../../..] ==> dir [/usr/lib/gcc/x86_64-linux-gnu/4.6/../../..]
    arg [CMakeFiles/cmTryCompileExec2693668073.dir/CMakeCXXCompilerABI.cpp.o] ==> ignore
    arg [-lstdc++] ==> lib [stdc++]
    arg [-lm] ==> lib [m]
    arg [-lgcc_s] ==> lib [gcc_s]
    arg [-lgcc] ==> lib [gcc]
    arg [-lc] ==> lib [c]
    arg [-lgcc_s] ==> lib [gcc_s]
    arg [-lgcc] ==> lib [gcc]
    arg [/usr/lib/gcc/x86_64-linux-gnu/4.6/crtend.o] ==> ignore
    arg [/usr/lib/gcc/x86_64-linux-gnu/4.6/../../../x86_64-linux-gnu/crtn.o] ==> ignore
  remove lib [gcc_s]
  remove lib [gcc]
  remove lib [gcc_s]
  remove lib [gcc]
  collapse library dir [/usr/lib/gcc/x86_64-linux-gnu/4.6] ==> [/usr/lib/gcc/x86_64-linux-gnu/4.6]
  collapse library dir [/usr/lib/gcc/x86_64-linux-gnu/4.6/../../../x86_64-linux-gnu] ==> [/usr/lib/x86_64-linux-gnu]
  collapse library dir [/usr/lib/gcc/x86_64-linux-gnu/4.6/../../../../lib] ==> [/usr/lib]
  collapse library dir [/lib/x86_64-linux-gnu] ==> [/lib/x86_64-linux-gnu]
  collapse library dir [/lib/../lib] ==> [/lib]
  collapse library dir [/usr/lib/x86_64-linux-gnu] ==> [/usr/lib/x86_64-linux-gnu]
  collapse library dir [/usr/lib/../lib] ==> [/usr/lib]
  collapse library dir [/usr/lib/gcc/x86_64-linux-gnu/4.6/../../..] ==> [/usr/lib]
  implicit libs: [stdc++;m;c]
  implicit dirs: [/usr/lib/gcc/x86_64-linux-gnu/4.6;/usr/lib/x86_64-linux-gnu;/usr/lib;/lib/x86_64-linux-gnu;/lib]
  implicit fwks: []


